{
  "stats": {
    "suites": 4,
    "tests": 9,
    "passes": 9,
    "pending": 0,
    "failures": 0,
    "start": "2019-08-19T15:51:43.524Z",
    "end": "2019-08-19T15:51:52.923Z",
    "duration": 9399,
    "testsRegistered": 9,
    "passPercent": 100,
    "pendingPercent": 0,
    "other": 0,
    "hasOther": false,
    "skipped": 0,
    "hasSkipped": false,
    "passPercentClass": "success",
    "pendingPercentClass": "danger"
  },
  "suites": {
    "uuid": "f6dec784-2c15-40e2-95dd-6309d99e5a48",
    "title": "",
    "fullFile": "",
    "file": "",
    "beforeHooks": [],
    "afterHooks": [],
    "tests": [
      {
        "title": "loads the app",
        "fullTitle": " loads the app",
        "duration": 769,
        "state": "passed",
        "speed": "slow",
        "pass": true,
        "fail": false,
        "pending": false,
        "code": "(0, _utils.visit)();\n(0, _utils.getTodoApp)().should('be.visible');",
        "err": {},
        "isRoot": true,
        "uuid": "71f1bdd7-d3cd-40b3-8b2a-9f4f5b82ea8a",
        "isHook": false,
        "skipped": false
      }
    ],
    "suites": [
      {
        "uuid": "dec75cf7-031d-4105-a6b4-a96260ecc6fb",
        "title": "UI",
        "fullFile": "",
        "file": "",
        "beforeHooks": [],
        "afterHooks": [],
        "tests": [],
        "suites": [
          {
            "uuid": "2d271905-4ec5-4e49-bade-38dfcf8d0944",
            "title": "basic features",
            "fullFile": "",
            "file": "",
            "beforeHooks": [],
            "afterHooks": [],
            "tests": [
              {
                "title": "loads application",
                "fullTitle": "UI basic features loads application",
                "duration": 979,
                "state": "passed",
                "speed": "slow",
                "pass": true,
                "fail": false,
                "pending": false,
                "code": "(0, _utils.getTodoApp)().should('be.visible');",
                "err": {},
                "isRoot": false,
                "uuid": "b30dc25e-3b00-4878-89fa-a8e5626496da",
                "isHook": false,
                "skipped": false
              },
              {
                "title": "starts with zero items",
                "fullTitle": "UI basic features starts with zero items",
                "duration": 1293,
                "state": "passed",
                "speed": "slow",
                "pass": true,
                "fail": false,
                "pending": false,
                "code": "cy.get('.todo-list').find('li').should('have.length', 0);",
                "err": {},
                "isRoot": false,
                "uuid": "729f44c8-f202-4612-b0a2-e0c04c5b6a8f",
                "isHook": false,
                "skipped": false
              },
              {
                "title": "adds two items",
                "fullTitle": "UI basic features adds two items",
                "duration": 1400,
                "state": "passed",
                "speed": "slow",
                "pass": true,
                "fail": false,
                "pending": false,
                "code": "(0, _utils.enterTodo)('first item');\n(0, _utils.enterTodo)('second item');\n(0, _utils.getTodoItems)().should('have.length', 2);",
                "err": {},
                "isRoot": false,
                "uuid": "eedf3e0c-0250-45db-bb26-c99c0a1fb0a9",
                "isHook": false,
                "skipped": false
              },
              {
                "title": "enters text in the input",
                "fullTitle": "UI basic features enters text in the input",
                "duration": 1007,
                "state": "passed",
                "speed": "slow",
                "pass": true,
                "fail": false,
                "pending": false,
                "code": "var text = 'do something';\n(0, _utils.getNewTodoInput)().type(text);\n(0, _utils.getNewTodoInput)().should('have.value', text);",
                "err": {},
                "isRoot": false,
                "uuid": "ae2c0810-1bc3-4810-b430-c85db8afc3d9",
                "isHook": false,
                "skipped": false
              },
              {
                "title": "can add many items",
                "fullTitle": "UI basic features can add many items",
                "duration": 1358,
                "state": "passed",
                "speed": "slow",
                "pass": true,
                "fail": false,
                "pending": false,
                "code": "var N = 5;\nfor (var k = 0; k < N; k += 1) {\n  (0, _utils.enterTodo)(\"item \".concat(k + 1));\n}\n(0, _utils.getTodoItems)().should('have.length', N);",
                "err": {},
                "isRoot": false,
                "uuid": "3ff5310e-69d4-48a9-aae4-c1621b4e1bc8",
                "isHook": false,
                "skipped": false
              }
            ],
            "suites": [],
            "passes": [
              "b30dc25e-3b00-4878-89fa-a8e5626496da",
              "729f44c8-f202-4612-b0a2-e0c04c5b6a8f",
              "eedf3e0c-0250-45db-bb26-c99c0a1fb0a9",
              "ae2c0810-1bc3-4810-b430-c85db8afc3d9",
              "3ff5310e-69d4-48a9-aae4-c1621b4e1bc8"
            ],
            "failures": [],
            "pending": [],
            "skipped": [],
            "duration": 6037,
            "root": false,
            "rootEmpty": false,
            "_timeout": 2000
          },
          {
            "uuid": "de03794d-9229-4f6d-9ac4-cc33380bd87d",
            "title": "advanced",
            "fullFile": "",
            "file": "",
            "beforeHooks": [],
            "afterHooks": [],
            "tests": [
              {
                "title": "adds two and deletes first",
                "fullTitle": "UI advanced adds two and deletes first",
                "duration": 1014,
                "state": "passed",
                "speed": "slow",
                "pass": true,
                "fail": false,
                "pending": false,
                "code": "(0, _utils.enterTodo)('first item');\n(0, _utils.enterTodo)('second item');\n(0, _utils.getTodoItems)().contains('first item').parent().find('.destroy').click({\n  force: true\n}); // because it only becomes visible on hover\ncy.contains('first item').should('not.exist');\ncy.contains('second item').should('exist');\n(0, _utils.getTodoItems)().should('have.length', 1);",
                "err": {},
                "isRoot": false,
                "uuid": "042d5413-fb83-4ddb-9d97-c1864bf97c8c",
                "isHook": false,
                "skipped": false
              }
            ],
            "suites": [],
            "passes": [
              "042d5413-fb83-4ddb-9d97-c1864bf97c8c"
            ],
            "failures": [],
            "pending": [],
            "skipped": [],
            "duration": 1014,
            "root": false,
            "rootEmpty": false,
            "_timeout": 2000
          },
          {
            "uuid": "0e6d0e43-cf4c-4a42-b21c-1c5e5bfc6fc1",
            "title": "cy.tasks",
            "fullFile": "",
            "file": "",
            "beforeHooks": [],
            "afterHooks": [],
            "tests": [
              {
                "title": "can observe records saved in the database",
                "fullTitle": "UI cy.tasks can observe records saved in the database",
                "duration": 811,
                "state": "passed",
                "speed": "slow",
                "pass": true,
                "fail": false,
                "pending": false,
                "code": "var title = 'create a task';\n(0, _utils.enterTodo)(title); // https://on.cypress.io/task\ncy.task('hasSavedRecord', title, {\n  timeout: 10000\n});",
                "err": {},
                "isRoot": false,
                "uuid": "7383bec7-139c-4151-b467-83a6efa96004",
                "isHook": false,
                "skipped": false
              },
              {
                "title": "returns resolved value",
                "fullTitle": "UI cy.tasks returns resolved value",
                "duration": 665,
                "state": "passed",
                "speed": "slow",
                "pass": true,
                "fail": false,
                "pending": false,
                "code": "var title = 'create a task';\n(0, _utils.enterTodo)(title); // https://on.cypress.io/task\ncy.task('hasSavedRecord', title, {\n  timeout: 10000\n}).should('contain', {\n  title: title,\n  completed: false\n}) // there is also an ID\n.and('have.property', 'id');",
                "err": {},
                "isRoot": false,
                "uuid": "0a982a4c-68e5-4700-a8e0-32d587943fd8",
                "isHook": false,
                "skipped": false
              }
            ],
            "suites": [],
            "passes": [
              "7383bec7-139c-4151-b467-83a6efa96004",
              "0a982a4c-68e5-4700-a8e0-32d587943fd8"
            ],
            "failures": [],
            "pending": [],
            "skipped": [],
            "duration": 1476,
            "root": false,
            "rootEmpty": false,
            "_timeout": 2000
          }
        ],
        "passes": [],
        "failures": [],
        "pending": [],
        "skipped": [],
        "duration": 0,
        "root": false,
        "rootEmpty": false,
        "_timeout": 2000
      }
    ],
    "passes": [
      "71f1bdd7-d3cd-40b3-8b2a-9f4f5b82ea8a"
    ],
    "failures": [],
    "pending": [],
    "skipped": [],
    "duration": 769,
    "root": true,
    "rootEmpty": false,
    "_timeout": 2000
  },
  "copyrightYear": 2019
}